<?xml version="1.0" encoding="UTF-8"?>
<!-- Generated by org.testng.reporters.JUnitReportReporter -->
<testsuite skipped="0" hostname="BDC6-DX-6FF9NK2" name="com.test.web" tests="1" failures="0" timestamp="17 Sep 2019 11:09:44 GMT" time="8.628" errors="0">
  <testcase name="Browserielaunch" time="8.628" classname="com.test.web"/>
</testsuite> <!-- com.test.web -->
