<?xml version="1.0" encoding="UTF-8"?>
<!-- Generated by org.testng.reporters.JUnitReportReporter -->
<testsuite skipped="0" hostname="BDC6-DX-6FF9NK2" name="com.test.webdriver_demo3" tests="1" failures="0" timestamp="18 Sep 2019 04:53:59 GMT" time="15.642" errors="0">
  <testcase name="f" time="15.642" classname="com.test.webdriver_demo3"/>
</testsuite> <!-- com.test.webdriver_demo3 -->
