<?xml version="1.0" encoding="UTF-8"?>
<!-- Generated by org.testng.reporters.JUnitReportReporter -->
<testsuite skipped="0" hostname="BDC6-DX-6FF9NK2" name="com.test.webdriver_demo4" tests="1" failures="0" timestamp="18 Sep 2019 07:15:36 GMT" time="26.104" errors="0">
  <testcase name="f" time="26.104" classname="com.test.webdriver_demo4"/>
</testsuite> <!-- com.test.webdriver_demo4 -->
