<?xml version="1.0" encoding="UTF-8"?>
<!-- Generated by org.testng.reporters.JUnitReportReporter -->
<testsuite skipped="0" hostname="BDC6-DX-6FF9NK2" name="com.test.mousehover_action" tests="1" failures="0" timestamp="18 Sep 2019 10:16:16 GMT" time="38.302" errors="0">
  <testcase name="f" time="38.302" classname="com.test.mousehover_action"/>
</testsuite> <!-- com.test.mousehover_action -->
