<?xml version="1.0" encoding="UTF-8"?>
<!-- Generated by org.testng.reporters.JUnitReportReporter -->
<testsuite skipped="0" hostname="BDC6-DX-6FF9NK2" name="com.test.NewTest" tests="2" failures="0" timestamp="17 Sep 2019 10:06:32 GMT" time="0.003" errors="0">
  <testcase name="f" time="0.003" classname="com.test.NewTest"/>
  <testcase name="f1" time="0.000" classname="com.test.NewTest"/>
</testsuite> <!-- com.test.NewTest -->
