<?xml version="1.0" encoding="UTF-8"?>
<!-- Generated by org.testng.reporters.JUnitReportReporter -->
<testsuite skipped="0" hostname="BDC6-DX-6FF9NK2" name="com.test.windowhandling_demo" tests="1" failures="0" timestamp="18 Sep 2019 08:55:59 GMT" time="92.090" errors="0">
  <testcase name="f" time="92.090" classname="com.test.windowhandling_demo"/>
</testsuite> <!-- com.test.windowhandling_demo -->
