<?xml version="1.0" encoding="UTF-8"?>
<!-- Generated by org.testng.reporters.JUnitReportReporter -->
<testsuite skipped="1" hostname="BDC6-DX-6FF9NK2" name="com.test.demo" tests="4" failures="0" timestamp="17 Sep 2019 10:06:32 GMT" time="0.006" errors="0">
  <testcase name="f" time="0.001" classname="com.test.demo"/>
  <testcase name="login" time="0.001" classname="com.test.demo"/>
  <testcase name="register" time="0.004" classname="com.test.demo"/>
  <testcase name="logout" classname="com.test.demo">
    <skipped/>
  </testcase> <!-- logout -->
</testsuite> <!-- com.test.demo -->
