<?xml version="1.0" encoding="UTF-8"?>
<!-- Generated by org.testng.reporters.JUnitReportReporter -->
<testsuite skipped="0" hostname="BDC6-DX-6FF9NK2" name="com.test.data" tests="2" failures="0" timestamp="17 Sep 2019 10:06:32 GMT" time="0.012" errors="0">
  <testcase name="f" time="0.002" classname="com.test.data"/>
  <testcase name="f" time="0.010" classname="com.test.data"/>
</testsuite> <!-- com.test.data -->
