<?xml version="1.0" encoding="UTF-8"?>
<!-- Generated by org.testng.reporters.JUnitReportReporter -->
<testsuite skipped="0" hostname="BDC6-DX-6FF9NK2" name="com.test.keystrokes_action" tests="1" failures="0" timestamp="18 Sep 2019 10:45:33 GMT" time="27.518" errors="0">
  <testcase name="f" time="27.518" classname="com.test.keystrokes_action"/>
</testsuite> <!-- com.test.keystrokes_action -->
