<?xml version="1.0" encoding="UTF-8"?>
<!-- Generated by org.testng.reporters.JUnitReportReporter -->
<testsuite skipped="0" hostname="BDC6-DX-6FF9NK2" name="com.test.drag_drop" tests="1" failures="0" timestamp="18 Sep 2019 11:13:13 GMT" time="45.786" errors="0">
  <testcase name="f" time="45.786" classname="com.test.drag_drop"/>
</testsuite> <!-- com.test.drag_drop -->
